This is pdfTeX, Version 3.141592653-2.6-1.40.26 (MiKTeX 24.4) (preloaded format=pdflatex 2024.10.29)  16 MAY 2025 12:12
entering extended mode
 restricted \write18 enabled.
 %&-line parsing enabled.
**./Vayloyan-Alec-Dissertation.tex
(Vayloyan-Alec-Dissertation.tex
LaTeX2e <2024-06-01> patch level 2
L3 programming layer <2024-10-09>
(C:\Users\vaylo\AppData\Local\Programs\MiKTeX\tex/latex/base\article.cls
Document Class: article 2024/02/08 v1.4n Standard LaTeX document class
(C:\Users\vaylo\AppData\Local\Programs\MiKTeX\tex/latex/base\size10.clo
File: size10.clo 2024/02/08 v1.4n Standard LaTeX file (size option)
)
\c@part=\count194
\c@section=\count195
\c@subsection=\count196
\c@subsubsection=\count197
\c@paragraph=\count198
\c@subparagraph=\count199
\c@figure=\count266
\c@table=\count267
\abovecaptionskip=\skip49
\belowcaptionskip=\skip50
\bibindent=\dimen141
) (C:\Users\vaylo\AppData\Local\Programs\MiKTeX\tex/latex/xcolor\xcolor.sty
Package: xcolor 2024/09/29 v3.02 LaTeX color extensions (UK)
(C:\Users\vaylo\AppData\Local\Programs\MiKTeX\tex/latex/graphics-cfg\color.cfg
File: color.cfg 2016/01/02 v1.6 sample color configuration
)
Package xcolor Info: Driver file: pdftex.def on input line 274.

(C:\Users\vaylo\AppData\Local\Programs\MiKTeX\tex/latex/graphics-def\pdftex.def
File: pdftex.def 2024/04/13 v1.2c Graphics/color driver for pdftex
) (C:\Users\vaylo\AppData\Local\Programs\MiKTeX\tex/latex/graphics\mathcolor.lt
x)
Package xcolor Info: Model `cmy' substituted by `cmy0' on input line 1349.
Package xcolor Info: Model `hsb' substituted by `rgb' on input line 1353.
Package xcolor Info: Model `RGB' extended on input line 1365.
Package xcolor Info: Model `HTML' substituted by `rgb' on input line 1367.
Package xcolor Info: Model `Hsb' substituted by `hsb' on input line 1368.
Package xcolor Info: Model `tHsb' substituted by `hsb' on input line 1369.
Package xcolor Info: Model `HSB' substituted by `hsb' on input line 1370.
Package xcolor Info: Model `Gray' substituted by `gray' on input line 1371.
Package xcolor Info: Model `wave' substituted by `hsb' on input line 1372.
) (C:\Users\vaylo\AppData\Local\Programs\MiKTeX\tex/latex/geometry\geometry.sty
Package: geometry 2020/01/02 v5.9 Page Geometry
(C:\Users\vaylo\AppData\Local\Programs\MiKTeX\tex/latex/graphics\keyval.sty
Package: keyval 2022/05/29 v1.15 key=value parser (DPC)
\KV@toks@=\toks17
) (C:\Users\vaylo\AppData\Local\Programs\MiKTeX\tex/generic/iftex\ifvtex.sty
Package: ifvtex 2019/10/25 v1.7 ifvtex legacy package. Use iftex instead.
(C:\Users\vaylo\AppData\Local\Programs\MiKTeX\tex/generic/iftex\iftex.sty
Package: iftex 2022/02/03 v1.0f TeX engine tests
))
\Gm@cnth=\count268
\Gm@cntv=\count269
\c@Gm@tempcnt=\count270
\Gm@bindingoffset=\dimen142
\Gm@wd@mp=\dimen143
\Gm@odd@mp=\dimen144
\Gm@even@mp=\dimen145
\Gm@layoutwidth=\dimen146
\Gm@layoutheight=\dimen147
\Gm@layouthoffset=\dimen148
\Gm@layoutvoffset=\dimen149
\Gm@dimlist=\toks18
(C:\Users\vaylo\AppData\Local\Programs\MiKTeX\tex/latex/geometry\geometry.cfg))
(C:\Users\vaylo\AppData\Local\Programs\MiKTeX\tex/latex/amsmath\amsmath.sty
Package: amsmath 2024/05/23 v2.17q AMS math features
\@mathmargin=\skip51
For additional information on amsmath, use the `?' option.
(C:\Users\vaylo\AppData\Local\Programs\MiKTeX\tex/latex/amsmath\amstext.sty
Package: amstext 2021/08/26 v2.01 AMS text
(C:\Users\vaylo\AppData\Local\Programs\MiKTeX\tex/latex/amsmath\amsgen.sty
File: amsgen.sty 1999/11/30 v2.0 generic functions
\@emptytoks=\toks19
\ex@=\dimen150
)) (C:\Users\vaylo\AppData\Local\Programs\MiKTeX\tex/latex/amsmath\amsbsy.sty
Package: amsbsy 1999/11/29 v1.2d Bold Symbols
\pmbraise@=\dimen151
) (C:\Users\vaylo\AppData\Local\Programs\MiKTeX\tex/latex/amsmath\amsopn.sty
Package: amsopn 2022/04/08 v2.04 operator names
)
\inf@bad=\count271
LaTeX Info: Redefining \frac on input line 233.
\uproot@=\count272
\leftroot@=\count273
LaTeX Info: Redefining \overline on input line 398.
LaTeX Info: Redefining \colon on input line 409.
\classnum@=\count274
\DOTSCASE@=\count275
LaTeX Info: Redefining \ldots on input line 495.
LaTeX Info: Redefining \dots on input line 498.
LaTeX Info: Redefining \cdots on input line 619.
\Mathstrutbox@=\box52
\strutbox@=\box53
LaTeX Info: Redefining \big on input line 721.
LaTeX Info: Redefining \Big on input line 722.
LaTeX Info: Redefining \bigg on input line 723.
LaTeX Info: Redefining \Bigg on input line 724.
\big@size=\dimen152
LaTeX Font Info:    Redeclaring font encoding OML on input line 742.
LaTeX Font Info:    Redeclaring font encoding OMS on input line 743.
\macc@depth=\count276
LaTeX Info: Redefining \bmod on input line 904.
LaTeX Info: Redefining \pmod on input line 909.
LaTeX Info: Redefining \smash on input line 939.
LaTeX Info: Redefining \relbar on input line 969.
LaTeX Info: Redefining \Relbar on input line 970.
\c@MaxMatrixCols=\count277
\dotsspace@=\muskip17
\c@parentequation=\count278
\dspbrk@lvl=\count279
\tag@help=\toks20
\row@=\count280
\column@=\count281
\maxfields@=\count282
\andhelp@=\toks21
\eqnshift@=\dimen153
\alignsep@=\dimen154
\tagshift@=\dimen155
\tagwidth@=\dimen156
\totwidth@=\dimen157
\lineht@=\dimen158
\@envbody=\toks22
\multlinegap=\skip52
\multlinetaggap=\skip53
\mathdisplay@stack=\toks23
LaTeX Info: Redefining \[ on input line 2953.
LaTeX Info: Redefining \] on input line 2954.
) (C:\Users\vaylo\AppData\Local\Programs\MiKTeX\tex/latex/amsfonts\amssymb.sty
Package: amssymb 2013/01/14 v3.01 AMS font symbols
(C:\Users\vaylo\AppData\Local\Programs\MiKTeX\tex/latex/amsfonts\amsfonts.sty
Package: amsfonts 2013/01/14 v3.01 Basic AMSFonts support
\symAMSa=\mathgroup4
\symAMSb=\mathgroup5
LaTeX Font Info:    Redeclaring math symbol \hbar on input line 98.
LaTeX Font Info:    Overwriting math alphabet `\mathfrak' in version `bold'
(Font)                  U/euf/m/n --> U/euf/b/n on input line 106.
)) (C:\Users\vaylo\AppData\Local\Programs\MiKTeX\tex/latex/base\fontenc.sty
Package: fontenc 2021/04/29 v2.0v Standard LaTeX package
) (C:\Users\vaylo\AppData\Local\Programs\MiKTeX\tex/latex/base\inputenc.sty
Package: inputenc 2024/02/08 v1.3d Input encoding file
\inpenc@prehook=\toks24
\inpenc@posthook=\toks25
) (C:\Users\vaylo\AppData\Local\Programs\MiKTeX\tex/latex/base\textcomp.sty
Package: textcomp 2024/04/24 v2.1b Standard LaTeX package
) (C:\Users\vaylo\AppData\Local\Programs\MiKTeX\tex/latex/lm\lmodern.sty
Package: lmodern 2015/05/01 v1.6.1 Latin Modern Fonts
LaTeX Font Info:    Overwriting symbol font `operators' in version `normal'
(Font)                  OT1/cmr/m/n --> OT1/lmr/m/n on input line 22.
LaTeX Font Info:    Overwriting symbol font `letters' in version `normal'
(Font)                  OML/cmm/m/it --> OML/lmm/m/it on input line 23.
LaTeX Font Info:    Overwriting symbol font `symbols' in version `normal'
(Font)                  OMS/cmsy/m/n --> OMS/lmsy/m/n on input line 24.
LaTeX Font Info:    Overwriting symbol font `largesymbols' in version `normal'
(Font)                  OMX/cmex/m/n --> OMX/lmex/m/n on input line 25.
LaTeX Font Info:    Overwriting symbol font `operators' in version `bold'
(Font)                  OT1/cmr/bx/n --> OT1/lmr/bx/n on input line 26.
LaTeX Font Info:    Overwriting symbol font `letters' in version `bold'
(Font)                  OML/cmm/b/it --> OML/lmm/b/it on input line 27.
LaTeX Font Info:    Overwriting symbol font `symbols' in version `bold'
(Font)                  OMS/cmsy/b/n --> OMS/lmsy/b/n on input line 28.
LaTeX Font Info:    Overwriting symbol font `largesymbols' in version `bold'
(Font)                  OMX/cmex/m/n --> OMX/lmex/m/n on input line 29.
LaTeX Font Info:    Overwriting math alphabet `\mathbf' in version `normal'
(Font)                  OT1/cmr/bx/n --> OT1/lmr/bx/n on input line 31.
LaTeX Font Info:    Overwriting math alphabet `\mathsf' in version `normal'
(Font)                  OT1/cmss/m/n --> OT1/lmss/m/n on input line 32.
LaTeX Font Info:    Overwriting math alphabet `\mathit' in version `normal'
(Font)                  OT1/cmr/m/it --> OT1/lmr/m/it on input line 33.
LaTeX Font Info:    Overwriting math alphabet `\mathtt' in version `normal'
(Font)                  OT1/cmtt/m/n --> OT1/lmtt/m/n on input line 34.
LaTeX Font Info:    Overwriting math alphabet `\mathbf' in version `bold'
(Font)                  OT1/cmr/bx/n --> OT1/lmr/bx/n on input line 35.
LaTeX Font Info:    Overwriting math alphabet `\mathsf' in version `bold'
(Font)                  OT1/cmss/bx/n --> OT1/lmss/bx/n on input line 36.
LaTeX Font Info:    Overwriting math alphabet `\mathit' in version `bold'
(Font)                  OT1/cmr/bx/it --> OT1/lmr/bx/it on input line 37.
LaTeX Font Info:    Overwriting math alphabet `\mathtt' in version `bold'
(Font)                  OT1/cmtt/m/n --> OT1/lmtt/m/n on input line 38.
) (C:\Users\vaylo\AppData\Local\Programs\MiKTeX\tex/latex/upquote\upquote.sty
Package: upquote 2012/04/19 v1.3 upright-quote and grave-accent glyphs in verba
tim
)
(C:\Users\vaylo\AppData\Local\Programs\MiKTeX\tex/latex/microtype\microtype.sty
Package: microtype 2024/03/29 v3.1b Micro-typographical refinements (RS)
(C:\Users\vaylo\AppData\Local\Programs\MiKTeX\tex/latex/etoolbox\etoolbox.sty
Package: etoolbox 2020/10/05 v2.5k e-TeX tools for LaTeX (JAW)
\etb@tempcnta=\count283
)
\MT@toks=\toks26
\MT@tempbox=\box54
\MT@count=\count284
LaTeX Info: Redefining \noprotrusionifhmode on input line 1061.
LaTeX Info: Redefining \leftprotrusion on input line 1062.
\MT@prot@toks=\toks27
LaTeX Info: Redefining \rightprotrusion on input line 1081.
LaTeX Info: Redefining \textls on input line 1392.
\MT@outer@kern=\dimen159
LaTeX Info: Redefining \textmicrotypecontext on input line 2013.
\MT@listname@count=\count285

(C:\Users\vaylo\AppData\Local\Programs\MiKTeX\tex/latex/microtype\microtype-pdf
tex.def
File: microtype-pdftex.def 2024/03/29 v3.1b Definitions specific to pdftex (RS)

LaTeX Info: Redefining \lsstyle on input line 902.
LaTeX Info: Redefining \lslig on input line 902.
\MT@outer@space=\skip54
)
Package microtype Info: Loading configuration file microtype.cfg.

(C:\Users\vaylo\AppData\Local\Programs\MiKTeX\tex/latex/microtype\microtype.cfg
File: microtype.cfg 2024/03/29 v3.1b microtype main configuration file (RS)
)) (C:\Users\vaylo\AppData\Local\Programs\MiKTeX\tex/latex/parskip\parskip.sty
Package: parskip 2021-03-14 v2.0h non-zero parskip adjustments

(C:\Users\vaylo\AppData\Local\Programs\MiKTeX\tex/latex/kvoptions\kvoptions.sty
Package: kvoptions 2022-06-15 v3.15 Key value format for package options (HO)
(C:\Users\vaylo\AppData\Local\Programs\MiKTeX\tex/generic/ltxcmds\ltxcmds.sty
Package: ltxcmds 2023-12-04 v1.26 LaTeX kernel commands for general use (HO)
)
(C:\Users\vaylo\AppData\Local\Programs\MiKTeX\tex/latex/kvsetkeys\kvsetkeys.sty
Package: kvsetkeys 2022-10-05 v1.19 Key value parser (HO)
))) (C:\Users\vaylo\AppData\Local\Programs\MiKTeX\tex/latex/tools\longtable.sty
Package: longtable 2024-04-26 v4.20 Multi-page Table package (DPC)
\LTleft=\skip55
\LTright=\skip56
\LTpre=\skip57
\LTpost=\skip58
\LTchunksize=\count286
\LTcapwidth=\dimen160
\LT@head=\box55
\LT@firsthead=\box56
\LT@foot=\box57
\LT@lastfoot=\box58
\LT@gbox=\box59
\LT@cols=\count287
\LT@rows=\count288
\c@LT@tables=\count289
\c@LT@chunks=\count290
\LT@p@ftn=\toks28
) (C:\Users\vaylo\AppData\Local\Programs\MiKTeX\tex/latex/booktabs\booktabs.sty
Package: booktabs 2020/01/12 v1.61803398 Publication quality tables
\heavyrulewidth=\dimen161
\lightrulewidth=\dimen162
\cmidrulewidth=\dimen163
\belowrulesep=\dimen164
\belowbottomsep=\dimen165
\aboverulesep=\dimen166
\abovetopsep=\dimen167
\cmidrulesep=\dimen168
\cmidrulekern=\dimen169
\defaultaddspace=\dimen170
\@cmidla=\count291
\@cmidlb=\count292
\@aboverulesep=\dimen171
\@belowrulesep=\dimen172
\@thisruleclass=\count293
\@lastruleclass=\count294
\@thisrulewidth=\dimen173
) (C:\Users\vaylo\AppData\Local\Programs\MiKTeX\tex/latex/tools\array.sty
Package: array 2024/06/14 v2.6d Tabular extension package (FMi)
\col@sep=\dimen174
\ar@mcellbox=\box60
\extrarowheight=\dimen175
\NC@list=\toks29
\extratabsurround=\skip59
\backup@length=\skip60
\ar@cellbox=\box61
) (C:\Users\vaylo\AppData\Local\Programs\MiKTeX\tex/latex/tools\calc.sty
Package: calc 2023/07/08 v4.3 Infix arithmetic (KKT,FJ)
\calc@Acount=\count295
\calc@Bcount=\count296
\calc@Adimen=\dimen176
\calc@Bdimen=\dimen177
\calc@Askip=\skip61
\calc@Bskip=\skip62
LaTeX Info: Redefining \setlength on input line 80.
LaTeX Info: Redefining \addtolength on input line 81.
\calc@Ccount=\count297
\calc@Cskip=\skip63
)
(C:\Users\vaylo\AppData\Local\Programs\MiKTeX\tex/latex/footnotehyper\footnoteh
yper.sty
Package: footnotehyper 2021/08/13 v1.1e hyperref aware footnote.sty (JFB)
\FNH@notes=\box62
\FNH@width=\dimen178
\FNH@toks=\toks30
) (C:\Users\vaylo\AppData\Local\Programs\MiKTeX\tex/latex/graphics\graphicx.sty
Package: graphicx 2021/09/16 v1.2d Enhanced LaTeX Graphics (DPC,SPQR)
(C:\Users\vaylo\AppData\Local\Programs\MiKTeX\tex/latex/graphics\graphics.sty
Package: graphics 2024/05/23 v1.4g Standard LaTeX Graphics (DPC,SPQR)
(C:\Users\vaylo\AppData\Local\Programs\MiKTeX\tex/latex/graphics\trig.sty
Package: trig 2023/12/02 v1.11 sin cos tan (DPC)
)
(C:\Users\vaylo\AppData\Local\Programs\MiKTeX\tex/latex/graphics-cfg\graphics.c
fg
File: graphics.cfg 2016/06/04 v1.11 sample graphics configuration
)
Package graphics Info: Driver file: pdftex.def on input line 106.
)
\Gin@req@height=\dimen179
\Gin@req@width=\dimen180
)
\pandoc@box=\box63
\cslhangindent=\skip64
\csllabelwidth=\skip65
(Knit_Files/preamble.tex (C:\Users\vaylo\AppData\Local\Programs\MiKTeX\tex/late
x/makecell\makecell.sty
Package: makecell 2009/08/03 V0.1e Managing of Tab Column Heads and Cells
\rotheadsize=\dimen181
\c@nlinenum=\count298
\TeXr@lab=\toks31
) (C:\Users\vaylo\AppData\Local\Programs\MiKTeX\tex/latex/tocloft\tocloft.sty
Package: tocloft 2017/08/31 v2.3i parameterised ToC, etc., typesetting
Package tocloft Info: The document has section divisions on input line 51.
\cftparskip=\skip66
\cftbeforetoctitleskip=\skip67
\cftaftertoctitleskip=\skip68
\cftbeforepartskip=\skip69
\cftpartnumwidth=\skip70
\cftpartindent=\skip71
\cftbeforesecskip=\skip72
\cftsecindent=\skip73
\cftsecnumwidth=\skip74
\cftbeforesubsecskip=\skip75
\cftsubsecindent=\skip76
\cftsubsecnumwidth=\skip77
\cftbeforesubsubsecskip=\skip78
\cftsubsubsecindent=\skip79
\cftsubsubsecnumwidth=\skip80
\cftbeforeparaskip=\skip81
\cftparaindent=\skip82
\cftparanumwidth=\skip83
\cftbeforesubparaskip=\skip84
\cftsubparaindent=\skip85
\cftsubparanumwidth=\skip86
\cftbeforeloftitleskip=\skip87
\cftafterloftitleskip=\skip88
\cftbeforefigskip=\skip89
\cftfigindent=\skip90
\cftfignumwidth=\skip91
\c@lofdepth=\count299
\c@lotdepth=\count300
\cftbeforelottitleskip=\skip92
\cftafterlottitleskip=\skip93
\cftbeforetabskip=\skip94
\cfttabindent=\skip95
\cfttabnumwidth=\skip96

Package tocloft Warning: \@starttoc has already been redefined; tocloft bailing
 out. on input line 1156.

) (C:\Users\vaylo\AppData\Local\Programs\MiKTeX\tex/latex/titling\titling.sty
Package: titling 2009/09/04 v2.1d maketitle typesetting
\thanksmarkwidth=\skip97
\thanksmargin=\skip98
\droptitle=\skip99
) (C:\Users\vaylo\AppData\Local\Programs\MiKTeX\tex/latex/fancyhdr\fancyhdr.sty
Package: fancyhdr 2025/02/07 v5.2 Extensive control of page headers and footers

\f@nch@headwidth=\skip100
\f@nch@offset@elh=\skip101
\f@nch@offset@erh=\skip102
\f@nch@offset@olh=\skip103
\f@nch@offset@orh=\skip104
\f@nch@offset@elf=\skip105
\f@nch@offset@erf=\skip106
\f@nch@offset@olf=\skip107
\f@nch@offset@orf=\skip108
\f@nch@height=\skip109
\f@nch@footalignment=\skip110
\f@nch@widthL=\skip111
\f@nch@widthC=\skip112
\f@nch@widthR=\skip113
\@temptokenb=\toks32
) (C:\Users\vaylo\AppData\Local\Programs\MiKTeX\tex/latex/lastpage\lastpage.sty
Package: lastpage 2024/07/07 v2.1c lastpage: 2.09 or 2e? (HMM)

(C:\Users\vaylo\AppData\Local\Programs\MiKTeX\tex/latex/lastpage\lastpage2e.sty
Package: lastpage2e 2024/07/07 v2.1c Decide which 2e lastpage version to use (H
MM)

(C:\Users\vaylo\AppData\Local\Programs\MiKTeX\tex/latex/lastpage\lastpagemodern
.sty
Package: lastpagemodern 2024-07-07 v2.1c Refers to last page's name (HMM; JPG)
\c@lastpagecount=\count301
) 
)) (C:\Users\vaylo\AppData\Local\Programs\MiKTeX\tex/latex/float\float.sty
Package: float 2001/11/08 v1.3d Float enhancements (AL)
\c@float@type=\count302
\float@exts=\toks33
\float@box=\box64
\@float@everytoks=\toks34
\@floatcapt=\box65
) (C:\Users\vaylo\AppData\Local\Programs\MiKTeX\tex/latex/placeins\placeins.sty
Package: placeins 2005/04/18  v 2.2
) (C:\Users\vaylo\AppData\Local\Programs\MiKTeX\tex/latex/setspace\setspace.sty
Package: setspace 2022/12/04 v6.7b set line spacing
)) (C:\Users\vaylo\AppData\Local\Programs\MiKTeX\tex/latex/ragged2e\ragged2e.st
y
Package: ragged2e 2023/06/22 v3.6 ragged2e Package
\CenteringLeftskip=\skip114
\RaggedLeftLeftskip=\skip115
\RaggedRightLeftskip=\skip116
\CenteringRightskip=\skip117
\RaggedLeftRightskip=\skip118
\RaggedRightRightskip=\skip119
\CenteringParfillskip=\skip120
\RaggedLeftParfillskip=\skip121
\RaggedRightParfillskip=\skip122
\JustifyingParfillskip=\skip123
\CenteringParindent=\skip124
\RaggedLeftParindent=\skip125
\RaggedRightParindent=\skip126
\JustifyingParindent=\skip127
) (C:\Users\vaylo\AppData\Local\Programs\MiKTeX\tex/latex/multirow\multirow.sty
Package: multirow 2021/03/15 v2.8 Span multiple rows of a table
\multirow@colwidth=\skip128
\multirow@cntb=\count303
\multirow@dima=\skip129
\bigstrutjot=\dimen182
) (C:\Users\vaylo\AppData\Local\Programs\MiKTeX\tex/latex/wrapfig\wrapfig.sty
\wrapoverhang=\dimen183
\WF@size=\dimen184
\c@WF@wrappedlines=\count304
\WF@box=\box66
\WF@everypar=\toks35
Package: wrapfig 2003/01/31  v 3.6
) (C:\Users\vaylo\AppData\Local\Programs\MiKTeX\tex/latex/colortbl\colortbl.sty
Package: colortbl 2024/07/06 v1.0i Color table columns (DPC)
\everycr=\toks36
\minrowclearance=\skip130
\rownum=\count305
)
(C:\Users\vaylo\AppData\Local\Programs\MiKTeX\tex/latex/pdflscape\pdflscape.sty
Package: pdflscape 2022-10-27 v0.13 Display of landscape pages in PDF

(C:\Users\vaylo\AppData\Local\Programs\MiKTeX\tex/latex/pdflscape\pdflscape-nom
etadata.sty
Package: pdflscape-nometadata 2022-10-28 v0.13 Display of landscape pages in PD
F (HO)
(C:\Users\vaylo\AppData\Local\Programs\MiKTeX\tex/latex/graphics\lscape.sty
Package: lscape 2020/05/28 v3.02 Landscape Pages (DPC)
)
Package pdflscape Info: Auto-detected driver: pdftex on input line 81.
)) (C:\Users\vaylo\AppData\Local\Programs\MiKTeX\tex/latex/tabu\tabu.sty
Package: tabu 2019/01/11 v2.9 - flexible LaTeX tabulars (FC+tabu-fixed)
(C:\Users\vaylo\AppData\Local\Programs\MiKTeX\tex/latex/varwidth\varwidth.sty
Package: varwidth 2009/03/30 ver 0.92;  Variable-width minipages
\@vwid@box=\box67
\sift@deathcycles=\count306
\@vwid@loff=\dimen185
\@vwid@roff=\dimen186
)
\c@taburow=\count307
\tabu@nbcols=\count308
\tabu@cnt=\count309
\tabu@Xcol=\count310
\tabu@alloc=\count311
\tabu@nested=\count312
\tabu@target=\dimen187
\tabu@spreadtarget=\dimen188
\tabu@naturalX=\dimen189
\tabucolX=\dimen190
\tabu@Xsum=\dimen191
\extrarowdepth=\dimen192
\abovetabulinesep=\dimen193
\belowtabulinesep=\dimen194
\tabustrutrule=\dimen195
\tabu@thebody=\toks37
\tabu@footnotes=\toks38
\tabu@box=\box68
\tabu@arstrutbox=\box69
\tabu@hleads=\box70
\tabu@vleads=\box71
\tabu@cellskip=\skip131
)
(C:\Users\vaylo\AppData\Local\Programs\MiKTeX\tex/latex/threeparttable\threepar
ttable.sty
Package: threeparttable 2003/06/13  v 3.0
\@tempboxb=\box72
)
(C:\Users\vaylo\AppData\Local\Programs\MiKTeX\tex/latex/threeparttablex\threepa
rttablex.sty
Package: threeparttablex 2013/07/23 v0.3 by daleif
(C:\Users\vaylo\AppData\Local\Programs\MiKTeX\tex/latex/environ\environ.sty
Package: environ 2014/05/04 v0.3 A new way to define environments

(C:\Users\vaylo\AppData\Local\Programs\MiKTeX\tex/latex/trimspaces\trimspaces.s
ty
Package: trimspaces 2009/09/17 v1.1 Trim spaces around a token list
))
\TPTL@width=\skip132
) (C:\Users\vaylo\AppData\Local\Programs\MiKTeX\tex/latex/ulem\ulem.sty
\UL@box=\box73
\UL@hyphenbox=\box74
\UL@skip=\skip133
\UL@hook=\toks39
\UL@height=\dimen196
\UL@pe=\count313
\UL@pixel=\dimen197
\ULC@box=\box75
Package: ulem 2019/11/18
\ULdepth=\dimen198
) (C:\Users\vaylo\AppData\Local\Programs\MiKTeX\tex/latex/bookmark\bookmark.sty
Package: bookmark 2023-12-10 v1.31 PDF bookmarks (HO)
(C:\Users\vaylo\AppData\Local\Programs\MiKTeX\tex/latex/hyperref\hyperref.sty
Package: hyperref 2024-07-10 v7.01j Hypertext links for LaTeX

(C:\Users\vaylo\AppData\Local\Programs\MiKTeX\tex/generic/kvdefinekeys\kvdefine
keys.sty
Package: kvdefinekeys 2019-12-19 v1.6 Define keys (HO)
)
(C:\Users\vaylo\AppData\Local\Programs\MiKTeX\tex/generic/pdfescape\pdfescape.s
ty
Package: pdfescape 2019/12/09 v1.15 Implements pdfTeX's escape features (HO)

(C:\Users\vaylo\AppData\Local\Programs\MiKTeX\tex/generic/pdftexcmds\pdftexcmds
.sty
Package: pdftexcmds 2020-06-27 v0.33 Utility functions of pdfTeX for LuaTeX (HO
)

(C:\Users\vaylo\AppData\Local\Programs\MiKTeX\tex/generic/infwarerr\infwarerr.s
ty
Package: infwarerr 2019/12/03 v1.5 Providing info/warning/error messages (HO)
)
Package pdftexcmds Info: \pdf@primitive is available.
Package pdftexcmds Info: \pdf@ifprimitive is available.
Package pdftexcmds Info: \pdfdraftmode found.
)) (C:\Users\vaylo\AppData\Local\Programs\MiKTeX\tex/latex/hycolor\hycolor.sty
Package: hycolor 2020-01-27 v1.10 Color options for hyperref/bookmark (HO)
) (C:\Users\vaylo\AppData\Local\Programs\MiKTeX\tex/latex/hyperref\nameref.sty
Package: nameref 2023-11-26 v2.56 Cross-referencing by name of section
(C:\Users\vaylo\AppData\Local\Programs\MiKTeX\tex/latex/refcount\refcount.sty
Package: refcount 2019/12/15 v3.6 Data extraction from label references (HO)
)
(C:\Users\vaylo\AppData\Local\Programs\MiKTeX\tex/generic/gettitlestring\gettit
lestring.sty
Package: gettitlestring 2019/12/15 v1.6 Cleanup title references (HO)
)
\c@section@level=\count314
)
(C:\Users\vaylo\AppData\Local\Programs\MiKTeX\tex/generic/stringenc\stringenc.s
ty
Package: stringenc 2019/11/29 v1.12 Convert strings between diff. encodings (HO
)
)
\@linkdim=\dimen199
\Hy@linkcounter=\count315
\Hy@pagecounter=\count316
(C:\Users\vaylo\AppData\Local\Programs\MiKTeX\tex/latex/hyperref\pd1enc.def
File: pd1enc.def 2024-07-10 v7.01j Hyperref: PDFDocEncoding definition (HO)
Now handling font encoding PD1 ...
... no UTF-8 mapping file for font encoding PD1
) (C:\Users\vaylo\AppData\Local\Programs\MiKTeX\tex/generic/intcalc\intcalc.sty
Package: intcalc 2019/12/15 v1.3 Expandable calculations with integers (HO)
)
\Hy@SavedSpaceFactor=\count317
(C:\Users\vaylo\AppData\Local\Programs\MiKTeX\tex/latex/hyperref\puenc.def
File: puenc.def 2024-07-10 v7.01j Hyperref: PDF Unicode definition (HO)
Now handling font encoding PU ...
... no UTF-8 mapping file for font encoding PU
)
Package hyperref Info: Option `unicode' set `true' on input line 4040.
Package hyperref Info: Hyper figures OFF on input line 4157.
Package hyperref Info: Link nesting OFF on input line 4162.
Package hyperref Info: Hyper index ON on input line 4165.
Package hyperref Info: Plain pages OFF on input line 4172.
Package hyperref Info: Backreferencing OFF on input line 4177.
Package hyperref Info: Implicit mode ON; LaTeX internals redefined.
Package hyperref Info: Bookmarks ON on input line 4424.
\c@Hy@tempcnt=\count318
(C:\Users\vaylo\AppData\Local\Programs\MiKTeX\tex/latex/url\url.sty
\Urlmuskip=\muskip18
Package: url 2013/09/16  ver 3.4  Verb mode for urls, etc.
)
LaTeX Info: Redefining \url on input line 4763.
\XeTeXLinkMargin=\dimen256
(C:\Users\vaylo\AppData\Local\Programs\MiKTeX\tex/generic/bitset\bitset.sty
Package: bitset 2019/12/09 v1.3 Handle bit-vector datatype (HO)

(C:\Users\vaylo\AppData\Local\Programs\MiKTeX\tex/generic/bigintcalc\bigintcalc
.sty
Package: bigintcalc 2019/12/15 v1.5 Expandable calculations on big integers (HO
)
))
\Fld@menulength=\count319
\Field@Width=\dimen257
\Fld@charsize=\dimen258
Package hyperref Info: Hyper figures OFF on input line 6042.
Package hyperref Info: Link nesting OFF on input line 6047.
Package hyperref Info: Hyper index ON on input line 6050.
Package hyperref Info: backreferencing OFF on input line 6057.
Package hyperref Info: Link coloring OFF on input line 6062.
Package hyperref Info: Link coloring with OCG OFF on input line 6067.
Package hyperref Info: PDF/A mode OFF on input line 6072.
(C:\Users\vaylo\AppData\Local\Programs\MiKTeX\tex/latex/base\atbegshi-ltx.sty
Package: atbegshi-ltx 2021/01/10 v1.0c Emulation of the original atbegshi
package with kernel methods
)
\Hy@abspage=\count320
\c@Item=\count321
\c@Hfootnote=\count322
)
Package hyperref Info: Driver (autodetected): hpdftex.
(C:\Users\vaylo\AppData\Local\Programs\MiKTeX\tex/latex/hyperref\hpdftex.def
File: hpdftex.def 2024-07-10 v7.01j Hyperref driver for pdfTeX
(C:\Users\vaylo\AppData\Local\Programs\MiKTeX\tex/latex/base\atveryend-ltx.sty
Package: atveryend-ltx 2020/08/19 v1.0a Emulation of the original atveryend pac
kage
with kernel methods
)
\Fld@listcount=\count323
\c@bookmark@seq@number=\count324

(C:\Users\vaylo\AppData\Local\Programs\MiKTeX\tex/latex/rerunfilecheck\rerunfil
echeck.sty
Package: rerunfilecheck 2022-07-10 v1.10 Rerun checks for auxiliary files (HO)

(C:\Users\vaylo\AppData\Local\Programs\MiKTeX\tex/generic/uniquecounter\uniquec
ounter.sty
Package: uniquecounter 2019/12/15 v1.4 Provide unlimited unique counter (HO)
)
Package uniquecounter Info: New unique counter `rerunfilecheck' on input line 2
85.
)
\Hy@SectionHShift=\skip134
)
(C:\Users\vaylo\AppData\Local\Programs\MiKTeX\tex/latex/bookmark\bkm-pdftex.def
File: bkm-pdftex.def 2023-12-10 v1.31 bookmark driver for pdfTeX and luaTeX (HO
)
\BKM@id=\count325
)) (C:\Users\vaylo\AppData\Local\Programs\MiKTeX\tex/latex/xurl\xurl.sty
Package: xurl 2022/01/09 v 0.10 modify URL breaks
)
LaTeX Font Info:    Trying to load font information for T1+lmr on input line 12
8.
(C:\Users\vaylo\AppData\Local\Programs\MiKTeX\tex/latex/lm\t1lmr.fd
File: t1lmr.fd 2015/05/01 v1.6.1 Font defs for Latin Modern
)
(C:\Users\vaylo\AppData\Local\Programs\MiKTeX\tex/latex/l3backend\l3backend-pdf
tex.def
File: l3backend-pdftex.def 2024-05-08 L3 backend support: PDF output (pdfTeX)
\l__color_backend_stack_int=\count326
\l__pdf_internal_box=\box76
) (Vayloyan-Alec-Dissertation.aux)
\openout1 = `Vayloyan-Alec-Dissertation.aux'.

LaTeX Font Info:    Checking defaults for OML/cmm/m/it on input line 128.
LaTeX Font Info:    ... okay on input line 128.
LaTeX Font Info:    Checking defaults for OMS/cmsy/m/n on input line 128.
LaTeX Font Info:    ... okay on input line 128.
LaTeX Font Info:    Checking defaults for OT1/cmr/m/n on input line 128.
LaTeX Font Info:    ... okay on input line 128.
LaTeX Font Info:    Checking defaults for T1/cmr/m/n on input line 128.
LaTeX Font Info:    ... okay on input line 128.
LaTeX Font Info:    Checking defaults for TS1/cmr/m/n on input line 128.
LaTeX Font Info:    ... okay on input line 128.
LaTeX Font Info:    Checking defaults for OMX/cmex/m/n on input line 128.
LaTeX Font Info:    ... okay on input line 128.
LaTeX Font Info:    Checking defaults for U/cmr/m/n on input line 128.
LaTeX Font Info:    ... okay on input line 128.
LaTeX Font Info:    Checking defaults for PD1/pdf/m/n on input line 128.
LaTeX Font Info:    ... okay on input line 128.
LaTeX Font Info:    Checking defaults for PU/pdf/m/n on input line 128.
LaTeX Font Info:    ... okay on input line 128.

(C:\Users\vaylo\AppData\Local\Programs\MiKTeX\tex/context/base/mkii\supp-pdf.mk
ii
[Loading MPS to PDF converter (version 2006.09.02).]
\scratchcounter=\count327
\scratchdimen=\dimen259
\scratchbox=\box77
\nofMPsegments=\count328
\nofMParguments=\count329
\everyMPshowfont=\toks40
\MPscratchCnt=\count330
\MPscratchDim=\dimen260
\MPnumerator=\count331
\makeMPintoPDFobject=\count332
\everyMPtoPDFconversion=\toks41
)
(C:\Users\vaylo\AppData\Local\Programs\MiKTeX\tex/latex/epstopdf-pkg\epstopdf-b
ase.sty
Package: epstopdf-base 2020-01-24 v2.11 Base part for package epstopdf
Package epstopdf-base Info: Redefining graphics rule for `.eps' on input line 4
85.

(C:\Users\vaylo\AppData\Local\Programs\MiKTeX\tex/latex/00miktex\epstopdf-sys.c
fg
File: epstopdf-sys.cfg 2021/03/18 v2.0 Configuration of epstopdf for MiKTeX
))
*geometry* driver: auto-detecting
*geometry* detected driver: pdftex
*geometry* verbose mode - [ preamble ] result:
* driver: pdftex
* paper: <default>
* layout: <same size as paper>
* layoutoffset:(h,v)=(0.0pt,0.0pt)
* modes: 
* h-part:(L,W,R)=(72.26999pt, 469.75502pt, 72.26999pt)
* v-part:(T,H,B)=(72.26999pt, 650.43001pt, 72.26999pt)
* \paperwidth=614.295pt
* \paperheight=794.96999pt
* \textwidth=469.75502pt
* \textheight=650.43001pt
* \oddsidemargin=0.0pt
* \evensidemargin=0.0pt
* \topmargin=-37.0pt
* \headheight=12.0pt
* \headsep=25.0pt
* \topskip=10.0pt
* \footskip=30.0pt
* \marginparwidth=65.0pt
* \marginparsep=11.0pt
* \columnsep=10.0pt
* \skip\footins=9.0pt plus 4.0pt minus 2.0pt
* \hoffset=0.0pt
* \voffset=0.0pt
* \mag=1000
* \@twocolumnfalse
* \@twosidefalse
* \@mparswitchfalse
* \@reversemarginfalse
* (1in=72.27pt=25.4mm, 1cm=28.453pt)

LaTeX Info: Redefining \microtypecontext on input line 128.
Package microtype Info: Applying patch `item' on input line 128.
Package microtype Info: Applying patch `toc' on input line 128.
Package microtype Info: Applying patch `eqnum' on input line 128.
Package microtype Info: Applying patch `footnote' on input line 128.
Package microtype Info: Applying patch `verbatim' on input line 128.
Package microtype Info: Generating PDF output.
Package microtype Info: Character protrusion enabled (level 2).
Package microtype Info: Using protrusion set `basicmath'.
Package microtype Info: Automatic font expansion enabled (level 2),
(microtype)             stretch: 20, shrink: 20, step: 1, non-selected.
Package microtype Info: Using default expansion set `alltext-nott'.
LaTeX Info: Redefining \showhyphens on input line 128.
Package microtype Info: No adjustment of tracking.
Package microtype Info: No adjustment of interword spacing.
Package microtype Info: No adjustment of character kerning.
(C:\Users\vaylo\AppData\Local\Programs\MiKTeX\tex/latex/microtype\mt-cmr.cfg
File: mt-cmr.cfg 2013/05/19 v2.2 microtype config. file: Computer Modern Roman 
(RS)
)
Package hyperref Info: Link coloring OFF on input line 128.
<Knit_Files/cover.png, id=3, 1541.76pt x 1027.84pt>
File: Knit_Files/cover.png Graphic file (type png)
<use Knit_Files/cover.png>
Package pdftex.def Info: Knit_Files/cover.png  used on input line 147.
(pdftex.def)             Requested size: 325.215pt x 216.80946pt.
<Knit_Files/hslu_logo.png, id=4, 438.63875pt x 69.76062pt>
File: Knit_Files/hslu_logo.png Graphic file (type png)
<use Knit_Files/hslu_logo.png>
Package pdftex.def Info: Knit_Files/hslu_logo.png  used on input line 155.
(pdftex.def)             Requested size: 180.67499pt x 28.73508pt.


[1

{C:/Users/vaylo/AppData/Local/MiKTeX/fonts/map/pdftex/pdftex.map}{C:/Users/vayl
o/AppData/Local/Programs/MiKTeX/fonts/enc/dvips/lm/lm-ec.enc} <./Knit_Files/cov
er.png (PNG copy)> <./Knit_Files/hslu_logo.png>]
File: Knit_Files/hslu_logo.png Graphic file (type png)
<use Knit_Files/hslu_logo.png>
Package pdftex.def Info: Knit_Files/hslu_logo.png  used on input line 193.
(pdftex.def)             Requested size: 180.67499pt x 28.73508pt.


[2]

[3] (Vayloyan-Alec-Dissertation.toc
LaTeX Font Info:    Trying to load font information for OT1+lmr on input line 1
.
(C:\Users\vaylo\AppData\Local\Programs\MiKTeX\tex/latex/lm\ot1lmr.fd
File: ot1lmr.fd 2015/05/01 v1.6.1 Font defs for Latin Modern
)
LaTeX Font Info:    Trying to load font information for OML+lmm on input line 1
.
(C:\Users\vaylo\AppData\Local\Programs\MiKTeX\tex/latex/lm\omllmm.fd
File: omllmm.fd 2015/05/01 v1.6.1 Font defs for Latin Modern
)
LaTeX Font Info:    Trying to load font information for OMS+lmsy on input line 
1.
(C:\Users\vaylo\AppData\Local\Programs\MiKTeX\tex/latex/lm\omslmsy.fd
File: omslmsy.fd 2015/05/01 v1.6.1 Font defs for Latin Modern
)
LaTeX Font Info:    Trying to load font information for OMX+lmex on input line 
1.
(C:\Users\vaylo\AppData\Local\Programs\MiKTeX\tex/latex/lm\omxlmex.fd
File: omxlmex.fd 2015/05/01 v1.6.1 Font defs for Latin Modern
)
LaTeX Font Info:    External font `lmex10' loaded for size
(Font)              <10> on input line 1.
LaTeX Font Info:    External font `lmex10' loaded for size
(Font)              <7> on input line 1.
LaTeX Font Info:    External font `lmex10' loaded for size
(Font)              <5> on input line 1.
LaTeX Font Info:    Trying to load font information for U+msa on input line 1.
(C:\Users\vaylo\AppData\Local\Programs\MiKTeX\tex/latex/amsfonts\umsa.fd
File: umsa.fd 2013/01/14 v3.01 AMS symbols A
) (C:\Users\vaylo\AppData\Local\Programs\MiKTeX\tex/latex/microtype\mt-msa.cfg
File: mt-msa.cfg 2006/02/04 v1.1 microtype config. file: AMS symbols (a) (RS)
)
LaTeX Font Info:    Trying to load font information for U+msb on input line 1.
(C:\Users\vaylo\AppData\Local\Programs\MiKTeX\tex/latex/amsfonts\umsb.fd
File: umsb.fd 2013/01/14 v3.01 AMS symbols B
) (C:\Users\vaylo\AppData\Local\Programs\MiKTeX\tex/latex/microtype\mt-msb.cfg
File: mt-msb.cfg 2005/06/01 v1.0 microtype config. file: AMS symbols (b) (RS)
)
LaTeX Font Info:    External font `lmex10' loaded for size
(Font)              <12> on input line 54.
LaTeX Font Info:    External font `lmex10' loaded for size
(Font)              <8> on input line 54.
LaTeX Font Info:    External font `lmex10' loaded for size
(Font)              <6> on input line 54.


[4])
\tf@toc=\write3
\openout3 = `Vayloyan-Alec-Dissertation.toc'.



[5] (Vayloyan-Alec-Dissertation.lof)
\tf@lof=\write4
\openout4 = `Vayloyan-Alec-Dissertation.lof'.



[6] (Vayloyan-Alec-Dissertation.lot)
\tf@lot=\write5
\openout5 = `Vayloyan-Alec-Dissertation.lot'.



[7

]

[8]

[9]

[1]

[2]

[3]
<Vayloyan-Alec-Dissertation_files/figure-latex/AdoptionMap-1.pdf, id=304, 433.6
2pt x 136.51pt>
File: Vayloyan-Alec-Dissertation_files/figure-latex/AdoptionMap-1.pdf Graphic f
ile (type pdf)
<use Vayloyan-Alec-Dissertation_files/figure-latex/AdoptionMap-1.pdf>
Package pdftex.def Info: Vayloyan-Alec-Dissertation_files/figure-latex/Adoption
Map-1.pdf  used on input line 340.
(pdftex.def)             Requested size: 433.61894pt x 136.50966pt.


[4 <./Vayloyan-Alec-Dissertation_files/figure-latex/AdoptionMap-1.pdf>]
<Vayloyan-Alec-Dissertation_files/figure-latex/fig-usdt-1.pdf, id=326, 433.62pt
 x 216.81pt>
File: Vayloyan-Alec-Dissertation_files/figure-latex/fig-usdt-1.pdf Graphic file
 (type pdf)
<use Vayloyan-Alec-Dissertation_files/figure-latex/fig-usdt-1.pdf>
Package pdftex.def Info: Vayloyan-Alec-Dissertation_files/figure-latex/fig-usdt
-1.pdf  used on input line 358.
(pdftex.def)             Requested size: 433.61894pt x 216.80946pt.


[5]

[6 <./Vayloyan-Alec-Dissertation_files/figure-latex/fig-usdt-1.pdf>]
<Vayloyan-Alec-Dissertation_files/figure-latex/fig-btc-1.pdf, id=353, 433.62pt 
x 216.81pt>
File: Vayloyan-Alec-Dissertation_files/figure-latex/fig-btc-1.pdf Graphic file 
(type pdf)
<use Vayloyan-Alec-Dissertation_files/figure-latex/fig-btc-1.pdf>
Package pdftex.def Info: Vayloyan-Alec-Dissertation_files/figure-latex/fig-btc-
1.pdf  used on input line 397.
(pdftex.def)             Requested size: 433.61894pt x 216.80946pt.


[7]
Overfull \hbox (0.41936pt too wide) in paragraph at lines 413--414
\T1/lmr/m/n/10 (-20) For the definition of the research topic, two questions/fi
elds are of interest: ``What drives currency substitution?''
 []



[8 <./Vayloyan-Alec-Dissertation_files/figure-latex/fig-btc-1.pdf>]

[9]

[10]

[11]

[12]

[13]

[14{C:/Users/vaylo/AppData/Local/Programs/MiKTeX/fonts/enc/dvips/lm/lm-mathit.e
nc}{C:/Users/vaylo/AppData/Local/Programs/MiKTeX/fonts/enc/dvips/lm/lm-rm.enc}]


[15{C:/Users/vaylo/AppData/Local/Programs/MiKTeX/fonts/enc/dvips/lm/lm-mathex.e
nc}{C:/Users/vaylo/AppData/Local/Programs/MiKTeX/fonts/enc/dvips/lm/lm-mathsy.e
nc}]

[16]

[17]

[18]
<Vayloyan-Alec-Dissertation_files/figure-latex/fig-worldmap-selected-1.pdf, id=
588, 433.62pt x 136.51pt>
File: Vayloyan-Alec-Dissertation_files/figure-latex/fig-worldmap-selected-1.pdf
 Graphic file (type pdf)
<use Vayloyan-Alec-Dissertation_files/figure-latex/fig-worldmap-selected-1.pdf>

Package pdftex.def Info: Vayloyan-Alec-Dissertation_files/figure-latex/fig-worl
dmap-selected-1.pdf  used on input line 604.
(pdftex.def)             Requested size: 433.61894pt x 136.50966pt.


[19 <./Vayloyan-Alec-Dissertation_files/figure-latex/fig-worldmap-selected-1.pd
f>]

[20]

[21]
Overfull \hbox (3.40697pt too wide) in paragraph at lines 698--698
[]|\T1/lmr/m/n/10 (-20) Afghanistan|  
 []



[22]

[23]
LaTeX Font Info:    Trying to load font information for TS1+lmr on input line 7
38.
(C:\Users\vaylo\AppData\Local\Programs\MiKTeX\tex/latex/lm\ts1lmr.fd
File: ts1lmr.fd 2015/05/01 v1.6.1 Font defs for Latin Modern
)

[24{C:/Users/vaylo/AppData/Local/Programs/MiKTeX/fonts/enc/dvips/lm/lm-ts1.enc}
]
<Vayloyan-Alec-Dissertation_files/figure-latex/md-dCC-1.pdf, id=678, 361.35pt x
 129.48375pt>
File: Vayloyan-Alec-Dissertation_files/figure-latex/md-dCC-1.pdf Graphic file (
type pdf)
<use Vayloyan-Alec-Dissertation_files/figure-latex/md-dCC-1.pdf>
Package pdftex.def Info: Vayloyan-Alec-Dissertation_files/figure-latex/md-dCC-1
.pdf  used on input line 774.
(pdftex.def)             Requested size: 361.34912pt x 129.48341pt.


[25 <./Vayloyan-Alec-Dissertation_files/figure-latex/md-dCC-1.pdf>]

[26]

[27]
<Vayloyan-Alec-Dissertation_files/figure-latex/hist-Adoption-1.pdf, id=712, 433
.62pt x 180.675pt>
File: Vayloyan-Alec-Dissertation_files/figure-latex/hist-Adoption-1.pdf Graphic
 file (type pdf)
<use Vayloyan-Alec-Dissertation_files/figure-latex/hist-Adoption-1.pdf>
Package pdftex.def Info: Vayloyan-Alec-Dissertation_files/figure-latex/hist-Ado
ption-1.pdf  used on input line 849.
(pdftex.def)             Requested size: 433.61894pt x 180.67455pt.
<Vayloyan-Alec-Dissertation_files/figure-latex/hist-inf-1.pdf, id=714, 433.62pt
 x 180.675pt>
File: Vayloyan-Alec-Dissertation_files/figure-latex/hist-inf-1.pdf Graphic file
 (type pdf)
<use Vayloyan-Alec-Dissertation_files/figure-latex/hist-inf-1.pdf>
Package pdftex.def Info: Vayloyan-Alec-Dissertation_files/figure-latex/hist-inf
-1.pdf  used on input line 861.
(pdftex.def)             Requested size: 433.61894pt x 180.67455pt.


[28 <./Vayloyan-Alec-Dissertation_files/figure-latex/hist-Adoption-1.pdf> <./Va
yloyan-Alec-Dissertation_files/figure-latex/hist-inf-1.pdf>]
<Vayloyan-Alec-Dissertation_files/figure-latex/hist-GDS-1.pdf, id=734, 433.62pt
 x 180.675pt>
File: Vayloyan-Alec-Dissertation_files/figure-latex/hist-GDS-1.pdf Graphic file
 (type pdf)
<use Vayloyan-Alec-Dissertation_files/figure-latex/hist-GDS-1.pdf>
Package pdftex.def Info: Vayloyan-Alec-Dissertation_files/figure-latex/hist-GDS
-1.pdf  used on input line 873.
(pdftex.def)             Requested size: 433.61894pt x 180.67455pt.
<Vayloyan-Alec-Dissertation_files/figure-latex/hist-GDP-1.pdf, id=736, 433.62pt
 x 180.675pt>
File: Vayloyan-Alec-Dissertation_files/figure-latex/hist-GDP-1.pdf Graphic file
 (type pdf)
<use Vayloyan-Alec-Dissertation_files/figure-latex/hist-GDP-1.pdf>
Package pdftex.def Info: Vayloyan-Alec-Dissertation_files/figure-latex/hist-GDP
-1.pdf  used on input line 885.
(pdftex.def)             Requested size: 433.61894pt x 180.67455pt.


[29 <./Vayloyan-Alec-Dissertation_files/figure-latex/hist-GDS-1.pdf>]
<Vayloyan-Alec-Dissertation_files/figure-latex/hist-Corruption-1.pdf, id=749, 4
33.62pt x 180.675pt>
File: Vayloyan-Alec-Dissertation_files/figure-latex/hist-Corruption-1.pdf Graph
ic file (type pdf)
<use Vayloyan-Alec-Dissertation_files/figure-latex/hist-Corruption-1.pdf>
Package pdftex.def Info: Vayloyan-Alec-Dissertation_files/figure-latex/hist-Cor
ruption-1.pdf  used on input line 897.
(pdftex.def)             Requested size: 433.61894pt x 180.67455pt.
<Vayloyan-Alec-Dissertation_files/figure-latex/hist-RR-1.pdf, id=751, 433.62pt 
x 180.675pt>
File: Vayloyan-Alec-Dissertation_files/figure-latex/hist-RR-1.pdf Graphic file 
(type pdf)
<use Vayloyan-Alec-Dissertation_files/figure-latex/hist-RR-1.pdf>
Package pdftex.def Info: Vayloyan-Alec-Dissertation_files/figure-latex/hist-RR-
1.pdf  used on input line 909.
(pdftex.def)             Requested size: 433.61894pt x 180.67455pt.


[30 <./Vayloyan-Alec-Dissertation_files/figure-latex/hist-GDP-1.pdf> <./Vayloya
n-Alec-Dissertation_files/figure-latex/hist-Corruption-1.pdf>]
<Vayloyan-Alec-Dissertation_files/figure-latex/hist-CC-1.pdf, id=770, 433.62pt 
x 180.675pt>
File: Vayloyan-Alec-Dissertation_files/figure-latex/hist-CC-1.pdf Graphic file 
(type pdf)
<use Vayloyan-Alec-Dissertation_files/figure-latex/hist-CC-1.pdf>
Package pdftex.def Info: Vayloyan-Alec-Dissertation_files/figure-latex/hist-CC-
1.pdf  used on input line 921.
(pdftex.def)             Requested size: 433.61894pt x 180.67455pt.
<Vayloyan-Alec-Dissertation_files/figure-latex/hist-ED-GDP-1.pdf, id=772, 433.6
2pt x 180.675pt>
File: Vayloyan-Alec-Dissertation_files/figure-latex/hist-ED-GDP-1.pdf Graphic f
ile (type pdf)
<use Vayloyan-Alec-Dissertation_files/figure-latex/hist-ED-GDP-1.pdf>
Package pdftex.def Info: Vayloyan-Alec-Dissertation_files/figure-latex/hist-ED-
GDP-1.pdf  used on input line 933.
(pdftex.def)             Requested size: 433.61894pt x 180.67455pt.


[31 <./Vayloyan-Alec-Dissertation_files/figure-latex/hist-RR-1.pdf> <./Vayloyan
-Alec-Dissertation_files/figure-latex/hist-CC-1.pdf>]

[32 <./Vayloyan-Alec-Dissertation_files/figure-latex/hist-ED-GDP-1.pdf>]
<Vayloyan-Alec-Dissertation_files/figure-latex/corr-heatmap-show-1.pdf, id=808,
 433.62pt x 216.81pt>
File: Vayloyan-Alec-Dissertation_files/figure-latex/corr-heatmap-show-1.pdf Gra
phic file (type pdf)
<use Vayloyan-Alec-Dissertation_files/figure-latex/corr-heatmap-show-1.pdf>
Package pdftex.def Info: Vayloyan-Alec-Dissertation_files/figure-latex/corr-hea
tmap-show-1.pdf  used on input line 970.
(pdftex.def)             Requested size: 433.61894pt x 216.80946pt.

LaTeX Warning: `!h' float specifier changed to `!ht'.



[33 <./Vayloyan-Alec-Dissertation_files/figure-latex/corr-heatmap-show-1.pdf>]

[34]

LaTeX Warning: `!h' float specifier changed to `!ht'.

<Vayloyan-Alec-Dissertation_files/figure-latex/model1predres-1.pdf, id=843, 361
.35pt x 108.405pt>
File: Vayloyan-Alec-Dissertation_files/figure-latex/model1predres-1.pdf Graphic
 file (type pdf)
<use Vayloyan-Alec-Dissertation_files/figure-latex/model1predres-1.pdf>
Package pdftex.def Info: Vayloyan-Alec-Dissertation_files/figure-latex/model1pr
edres-1.pdf  used on input line 1092.
(pdftex.def)             Requested size: 361.34912pt x 108.40472pt.
<Vayloyan-Alec-Dissertation_files/figure-latex/model1residualhistograms-1.pdf, 
id=844, 361.35pt x 108.405pt>
File: Vayloyan-Alec-Dissertation_files/figure-latex/model1residualhistograms-1.
pdf Graphic file (type pdf)
<use Vayloyan-Alec-Dissertation_files/figure-latex/model1residualhistograms-1.p
df>
Package pdftex.def Info: Vayloyan-Alec-Dissertation_files/figure-latex/model1re
sidualhistograms-1.pdf  used on input line 1098.
(pdftex.def)             Requested size: 361.34912pt x 108.40472pt.


[35]

[36 <./Vayloyan-Alec-Dissertation_files/figure-latex/model1predres-1.pdf> <./Va
yloyan-Alec-Dissertation_files/figure-latex/model1residualhistograms-1.pdf>]

LaTeX Warning: `!h' float specifier changed to `!ht'.

<Vayloyan-Alec-Dissertation_files/figure-latex/model2predres-1.pdf, id=867, 361
.35pt x 108.405pt>
File: Vayloyan-Alec-Dissertation_files/figure-latex/model2predres-1.pdf Graphic
 file (type pdf)
<use Vayloyan-Alec-Dissertation_files/figure-latex/model2predres-1.pdf>
Package pdftex.def Info: Vayloyan-Alec-Dissertation_files/figure-latex/model2pr
edres-1.pdf  used on input line 1168.
(pdftex.def)             Requested size: 361.34912pt x 108.40472pt.
<Vayloyan-Alec-Dissertation_files/figure-latex/model2residualhistograms-1.pdf, 
id=868, 361.35pt x 108.405pt>
File: Vayloyan-Alec-Dissertation_files/figure-latex/model2residualhistograms-1.
pdf Graphic file (type pdf)
<use Vayloyan-Alec-Dissertation_files/figure-latex/model2residualhistograms-1.p
df>
Package pdftex.def Info: Vayloyan-Alec-Dissertation_files/figure-latex/model2re
sidualhistograms-1.pdf  used on input line 1174.
(pdftex.def)             Requested size: 361.34912pt x 108.40472pt.


[37

 <./Vayloyan-Alec-Dissertation_files/figure-latex/model2predres-1.pdf>]

LaTeX Warning: `!h' float specifier changed to `!ht'.


LaTeX Warning: `!h' float specifier changed to `!ht'.



[38 <./Vayloyan-Alec-Dissertation_files/figure-latex/model2residualhistograms-1
.pdf>]
<Vayloyan-Alec-Dissertation_files/figure-latex/model3predres-1.pdf, id=895, 361
.35pt x 108.405pt>
File: Vayloyan-Alec-Dissertation_files/figure-latex/model3predres-1.pdf Graphic
 file (type pdf)
<use Vayloyan-Alec-Dissertation_files/figure-latex/model3predres-1.pdf>
Package pdftex.def Info: Vayloyan-Alec-Dissertation_files/figure-latex/model3pr
edres-1.pdf  used on input line 1243.
(pdftex.def)             Requested size: 361.34912pt x 108.40472pt.
<Vayloyan-Alec-Dissertation_files/figure-latex/model3residualhistograms-1.pdf, 
id=896, 361.35pt x 108.405pt>
File: Vayloyan-Alec-Dissertation_files/figure-latex/model3residualhistograms-1.
pdf Graphic file (type pdf)
<use Vayloyan-Alec-Dissertation_files/figure-latex/model3residualhistograms-1.p
df>
Package pdftex.def Info: Vayloyan-Alec-Dissertation_files/figure-latex/model3re
sidualhistograms-1.pdf  used on input line 1249.
(pdftex.def)             Requested size: 361.34912pt x 108.40472pt.

LaTeX Warning: `!h' float specifier changed to `!ht'.



[39]

[40 <./Vayloyan-Alec-Dissertation_files/figure-latex/model3predres-1.pdf> <./Va
yloyan-Alec-Dissertation_files/figure-latex/model3residualhistograms-1.pdf>]

[41

]

LaTeX Warning: `!h' float specifier changed to `!ht'.


LaTeX Warning: `!h' float specifier changed to `!ht'.



[42]
<Vayloyan-Alec-Dissertation_files/figure-latex/model4predres-1.pdf, id=962, 361
.35pt x 108.405pt>
File: Vayloyan-Alec-Dissertation_files/figure-latex/model4predres-1.pdf Graphic
 file (type pdf)
<use Vayloyan-Alec-Dissertation_files/figure-latex/model4predres-1.pdf>
Package pdftex.def Info: Vayloyan-Alec-Dissertation_files/figure-latex/model4pr
edres-1.pdf  used on input line 1377.
(pdftex.def)             Requested size: 361.34912pt x 108.40472pt.
<Vayloyan-Alec-Dissertation_files/figure-latex/model4residualhistograms-1.pdf, 
id=963, 361.35pt x 108.405pt>
File: Vayloyan-Alec-Dissertation_files/figure-latex/model4residualhistograms-1.
pdf Graphic file (type pdf)
<use Vayloyan-Alec-Dissertation_files/figure-latex/model4residualhistograms-1.p
df>
Package pdftex.def Info: Vayloyan-Alec-Dissertation_files/figure-latex/model4re
sidualhistograms-1.pdf  used on input line 1383.
(pdftex.def)             Requested size: 361.34912pt x 108.40472pt.


[43]

LaTeX Warning: `!h' float specifier changed to `!ht'.



[44 <./Vayloyan-Alec-Dissertation_files/figure-latex/model4predres-1.pdf> <./Va
yloyan-Alec-Dissertation_files/figure-latex/model4residualhistograms-1.pdf>]

[45]

[46]

[47]

[48]

[49]

[50]

[51]

[52]

[53]

[54]

[55]
LaTeX Font Info:    External font `lmex10' loaded for size
(Font)              <14.4> on input line 1548.

Package hyperref Warning: Token not allowed in a PDF string (Unicode):
(hyperref)                removing `\mathsurround' on input line 1549.


Package hyperref Warning: Token not allowed in a PDF string (Unicode):
(hyperref)                removing `\z@' on input line 1549.


Package hyperref Warning: Token not allowed in a PDF string (Unicode):
(hyperref)                removing `superscript' on input line 1549.



[56]

[57]

[58]

[59]
Overfull \hbox (0.17209pt too wide) in paragraph at lines 1797--1798
\T1/lmr/m/n/10 (+20) r o ^^\ l e / M o hd -[] T a h i r -[] I s m a i l / p u b
 l i c a t i o n / 2 3 2 2 4 1 9 6 0 _ I n v e s t i g a t i n g _ t h e _ R e 
l a t i o n s h i p _ b e t w e e n _ E x c h a n
 []



[60]

[61]

[62]
<Knit_Files/review_CS.png, id=1345, 640.3925pt x 462.72874pt>
File: Knit_Files/review_CS.png Graphic file (type png)
<use Knit_Files/review_CS.png>
Package pdftex.def Info: Knit_Files/review_CS.png  used on input line 1908.
(pdftex.def)             Requested size: 403.9896pt x 291.91605pt.


[63 <./Knit_Files/review_CS.png>]
<Knit_Files/review_Adoption.png, id=1354, 670.505pt x 828.59563pt>
File: Knit_Files/review_Adoption.png Graphic file (type png)
<use Knit_Files/review_Adoption.png>
Package pdftex.def Info: Knit_Files/review_Adoption.png  used on input line 192
6.
(pdftex.def)             Requested size: 389.89752pt x 481.82484pt.


[64 <./Knit_Files/review_Adoption.png>]
<Vayloyan-Alec-Dissertation_files/figure-latex/md-Adoption-1.pdf, id=1364, 361.
35pt x 216.81pt>
File: Vayloyan-Alec-Dissertation_files/figure-latex/md-Adoption-1.pdf Graphic f
ile (type pdf)
<use Vayloyan-Alec-Dissertation_files/figure-latex/md-Adoption-1.pdf>
Package pdftex.def Info: Vayloyan-Alec-Dissertation_files/figure-latex/md-Adopt
ion-1.pdf  used on input line 1943.
(pdftex.def)             Requested size: 361.34912pt x 216.80946pt.
<Vayloyan-Alec-Dissertation_files/figure-latex/md-GDS-1.pdf, id=1365, 361.35pt 
x 216.81pt>
File: Vayloyan-Alec-Dissertation_files/figure-latex/md-GDS-1.pdf Graphic file (
type pdf)
<use Vayloyan-Alec-Dissertation_files/figure-latex/md-GDS-1.pdf>
Package pdftex.def Info: Vayloyan-Alec-Dissertation_files/figure-latex/md-GDS-1
.pdf  used on input line 1949.
(pdftex.def)             Requested size: 361.34912pt x 216.80946pt.
<Vayloyan-Alec-Dissertation_files/figure-latex/md-GDP-1.pdf, id=1366, 361.35pt 
x 108.405pt>
File: Vayloyan-Alec-Dissertation_files/figure-latex/md-GDP-1.pdf Graphic file (
type pdf)
<use Vayloyan-Alec-Dissertation_files/figure-latex/md-GDP-1.pdf>
Package pdftex.def Info: Vayloyan-Alec-Dissertation_files/figure-latex/md-GDP-1
.pdf  used on input line 1955.
(pdftex.def)             Requested size: 361.34912pt x 108.40472pt.
<Vayloyan-Alec-Dissertation_files/figure-latex/md-Corruption-1.pdf, id=1367, 36
1.35pt x 108.405pt>
File: Vayloyan-Alec-Dissertation_files/figure-latex/md-Corruption-1.pdf Graphic
 file (type pdf)
<use Vayloyan-Alec-Dissertation_files/figure-latex/md-Corruption-1.pdf>
Package pdftex.def Info: Vayloyan-Alec-Dissertation_files/figure-latex/md-Corru
ption-1.pdf  used on input line 1961.
(pdftex.def)             Requested size: 361.34912pt x 108.40472pt.
<Vayloyan-Alec-Dissertation_files/figure-latex/md-RR-1.pdf, id=1368, 361.35pt x
 129.48375pt>
File: Vayloyan-Alec-Dissertation_files/figure-latex/md-RR-1.pdf Graphic file (t
ype pdf)
<use Vayloyan-Alec-Dissertation_files/figure-latex/md-RR-1.pdf>
Package pdftex.def Info: Vayloyan-Alec-Dissertation_files/figure-latex/md-RR-1.
pdf  used on input line 1967.
(pdftex.def)             Requested size: 361.34912pt x 129.48341pt.
<Vayloyan-Alec-Dissertation_files/figure-latex/md-ED-GDP-1.pdf, id=1369, 361.35
pt x 144.54pt>
File: Vayloyan-Alec-Dissertation_files/figure-latex/md-ED-GDP-1.pdf Graphic fil
e (type pdf)
<use Vayloyan-Alec-Dissertation_files/figure-latex/md-ED-GDP-1.pdf>
Package pdftex.def Info: Vayloyan-Alec-Dissertation_files/figure-latex/md-ED-GD
P-1.pdf  used on input line 1973.
(pdftex.def)             Requested size: 361.34912pt x 144.53963pt.


[65 <./Vayloyan-Alec-Dissertation_files/figure-latex/md-Adoption-1.pdf> <./Vayl
oyan-Alec-Dissertation_files/figure-latex/md-GDS-1.pdf>]

[66 <./Vayloyan-Alec-Dissertation_files/figure-latex/md-GDP-1.pdf> <./Vayloyan-
Alec-Dissertation_files/figure-latex/md-Corruption-1.pdf> <./Vayloyan-Alec-Diss
ertation_files/figure-latex/md-RR-1.pdf> <./Vayloyan-Alec-Dissertation_files/fi
gure-latex/md-ED-GDP-1.pdf>]

[67

]

[68]

[69]

[70] 
enddocument/afterlastpage: lastpage setting LastPage.
(Vayloyan-Alec-Dissertation.aux)
 ***********
LaTeX2e <2024-06-01> patch level 2
L3 programming layer <2024-10-09>
 ***********
 ) 
Here is how much of TeX's memory you used:
 17338 strings out of 473897
 290989 string characters out of 5726461
 754970 words of memory out of 5000000
 39309 multiletter control sequences out of 15000+600000
 639246 words of font info for 207 fonts, out of 8000000 for 9000
 1141 hyphenation exceptions out of 8191
 83i,17n,93p,2329b,570s stack positions out of 10000i,1000n,20000p,200000b,200000s
<C:/Users/vaylo/AppData/Local/Programs/MiKTeX/fonts/type1/public/lm/lmbx10.pf
b><C:/Users/vaylo/AppData/Local/Programs/MiKTeX/fonts/type1/public/lm/lmbx12.pf
b><C:/Users/vaylo/AppData/Local/Programs/MiKTeX/fonts/type1/public/lm/lmex10.pf
b><C:/Users/vaylo/AppData/Local/Programs/MiKTeX/fonts/type1/public/lm/lmmi10.pf
b><C:/Users/vaylo/AppData/Local/Programs/MiKTeX/fonts/type1/public/lm/lmmi5.pfb
><C:/Users/vaylo/AppData/Local/Programs/MiKTeX/fonts/type1/public/lm/lmmi7.pfb>
<C:/Users/vaylo/AppData/Local/Programs/MiKTeX/fonts/type1/public/lm/lmr10.pfb><
C:/Users/vaylo/AppData/Local/Programs/MiKTeX/fonts/type1/public/lm/lmr12.pfb><C
:/Users/vaylo/AppData/Local/Programs/MiKTeX/fonts/type1/public/lm/lmr5.pfb><C:/
Users/vaylo/AppData/Local/Programs/MiKTeX/fonts/type1/public/lm/lmr6.pfb><C:/Us
ers/vaylo/AppData/Local/Programs/MiKTeX/fonts/type1/public/lm/lmr7.pfb><C:/User
s/vaylo/AppData/Local/Programs/MiKTeX/fonts/type1/public/lm/lmr8.pfb><C:/Users/
vaylo/AppData/Local/Programs/MiKTeX/fonts/type1/public/lm/lmri10.pfb><C:/Users/
vaylo/AppData/Local/Programs/MiKTeX/fonts/type1/public/lm/lmsy10.pfb><C:/Users/
vaylo/AppData/Local/Programs/MiKTeX/fonts/type1/public/lm/lmsy5.pfb><C:/Users/v
aylo/AppData/Local/Programs/MiKTeX/fonts/type1/public/lm/lmsy7.pfb>
Output written on Vayloyan-Alec-Dissertation.pdf (79 pages, 7915304 bytes).
PDF statistics:
 1711 PDF objects out of 1728 (max. 8388607)
 336 named destinations out of 1000 (max. 500000)
 43489 words of extra memory for PDF output out of 51595 (max. 10000000)

